[BEGIN LOG] -- Estefania's log -- 11/04/2022 09:17:53[FOLLOWED] -- WolfornaUK -- 11/04/2022 09:19:36[FOLLOWED] -- DavidCallender -- 11/04/2022 09:20:04[BEGIN LOG] -- Estefania's log -- 11/04/2022 09:23:41[BEGIN LOG] -- Estefania's log -- 11/04/2022 09:24:28[FOLLOW BACK] -- already following WolfornaUK[FOLLOWED] -- DavidCallender -- 11/04/2022 09:24:57[BEGIN LOG] -- Estefania's log -- 11/04/2022 09:25:46[FOLLOW BACK] -- already following WolfornaUK[FOLLOW BACK] -- now following: DavidCallender -- 11/04/2022 09:25:46[FOLLOW BACK] -- already following rtItBot[FOLLOW BACK] -- now following: SpotifyRT -- 11/04/2022 09:25:47[FOLLOW BACK] -- now following: D38301104 -- 11/04/2022 09:25:47[FOLLOW BACK] -- now following: selltheheart -- 11/04/2022 09:25:47[FOLLOW BACK] -- now following: Fluu_Producer -- 11/04/2022 09:25:48[FOLLOW BACK] -- now following: marcusj_images -- 11/04/2022 09:25:48[FOLLOW BACK] -- now following: Lauriebassnlegs -- 11/04/2022 09:25:48[TWEET RETRIEVAL] -- # 1 -- 11/04/2022 09:25:48[LIKED TWEET] -- # Now Playing: Psychological Warfare by The Too Late - #listen online at https://t.co/5qLwSOaR4K #emergingartists #music #newmusic #unsigned #independent #emerging #radio #playlist #nowplaying -- 11/04/2022 09:25:49[FOLLOW DECISION] -- #[9] -- must match [15][NO FOLLOW] -- did not follow author/id: FutureHitsRadio/1539673430848638976 -- 11/04/2022 09:25:49[CURRENT RUN] -- of 100 tweets -- 1[LIKED TWEET] -- # OUT NOW: The Rain Feat. Bengle (Transatlantic Mix) 🌧️ 

Buy/stream: https://t.co/FgQIK2fRED

#sharam #therain #newmusic #electronicmusic https://t.co/ITdy5ca6KX -- 11/04/2022 09:26:20[FOLLOW DECISION] -- #[2] -- must match [15][NO FOLLOW] -- did not follow author/id: DJSHARAM/18392092 -- 11/04/2022 09:26:20[CURRENT RUN] -- of 100 tweets -- 1[LIKED TWEET] -- # RT @jenny67456279: New music 🎶 sharing soon! Follow for gospel music, links and updates on new projects!🎼🎹🎤#storytelling #musician #singer… -- 11/04/2022 09:26:50[FOLLOW DECISION] -- #[14] -- must match [15][NO FOLLOW] -- did not follow author/id: ProtestMusica/239486395 -- 11/04/2022 09:26:50[CURRENT RUN] -- of 100 tweets -- 1[LIKED TWEET] -- # Your Mother Is a Space Clown now available on all platforms! #newmusic #newmusicfriday #bandcampfriday #distrokid https://t.co/zbxA1IBh0S -- 11/04/2022 09:27:20[FOLLOW DECISION] -- #[18] -- must match [15][NO FOLLOW] -- did not follow author/id: stylusbazaar/1063892312919613449 -- 11/04/2022 09:27:21[CURRENT RUN] -- of 100 tweets -- 1[LIKED TWEET] -- # #Roaches #Raid #SunnyHostin #SuburbanMoms #Racist #TheView #Disney #BarbaraWalters #cnn #msnbc #npr #abc #BuenaVista  JEB tips 9%, Ana. https://t.co/QVWvcLl5Fi -- 11/04/2022 09:27:51[FOLLOW DECISION] -- #[18] -- must match [15][NO FOLLOW] -- did not follow author/id: JayP765/4451201932 -- 11/04/2022 09:27:51[CURRENT RUN] -- of 100 tweets -- 1[LIKED TWEET] -- # We play 'Ocean Drive' by Motherland @motherlandneuk at 9:32 AM and at 9:32 PM (Pacific Time) Fri, Nov 4, #NewMusic show https://t.co/KTrJGkxiKR -- 11/04/2022 09:28:21[FOLLOW DECISION] -- #[14] -- must match [15][NO FOLLOW] -- did not follow author/id: LonelyOakRadio/284959188 -- 11/04/2022 09:28:21[CURRENT RUN] -- of 100 tweets -- 1[LIKED TWEET] -- # RT @Dave_Monks: Saturday from 8pm
#BBCIntroducing @bbcmerseyside @BBCSounds 
Highlights from #BBCIntroducingLive with:
@ni_maxine @PeanessB… -- 11/04/2022 09:28:51[FOLLOW DECISION] -- #[12] -- must match [15][NO FOLLOW] -- did not follow author/id: LiverpoolBands/120445070 -- 11/04/2022 09:28:52[CURRENT RUN] -- of 100 tweets -- 1[LIKED TWEET] -- # Now on air :  Taylor Swift - 1 - Carolina (From The Motion Picture Where The Crawdads Sing)  #Hitmusic  #NewMusicFriday #music #soundcloud  #newmusic #newmusicfriday #spotify  @officialcharts @YouTube @BRITs -- 11/04/2022 09:29:22[FOLLOW DECISION] -- #[9] -- must match [15][NO FOLLOW] -- did not follow author/id: wireradiouk/226391940 -- 11/04/2022 09:29:22[CURRENT RUN] -- of 100 tweets -- 1[LIKED TWEET] -- # RT @Georgewmusic: ENG-ER-LAND! 😬 Big announcement any day! 😵 ⚽️ 🏴󠁧󠁢󠁥󠁮󠁧󠁿 🦁 🎸

#NewMusic #England #Football #WorldCup2022 #WorldCup #songwrit… -- 11/04/2022 09:29:52[FOLLOW DECISION] -- #[15] -- must match [15]15 = 15... True[FOLLOWED AUTHOR] -- author id: MrsAshleyLWhite -- 11/04/2022 09:29:53[CURRENT RUN] -- of 100 tweets -- 1[LIKED TWEET] -- # It’s #BandcampFriday, when an average of 93% of your purchase of digital downloads and multi-disc sets—with #BMOP’s iconic liner notes—reaches #BMOPsound. Get and gift the latest releases like Anthony Davis: X: The Life and Times of Malcolm X / https://t.co/dXSlNKKvMk

#newmusic https://t.co/lMKPu84Y1K -- 11/04/2022 09:30:23[FOLLOW DECISION] -- #[9] -- must match [15][NO FOLLOW] -- did not follow author/id: BMOPmusic/165840419 -- 11/04/2022 09:30:23[CURRENT RUN] -- of 100 tweets -- 1[LIKED TWEET] -- # RT @Georgewmusic: Chorus at 24 Seconds... See if you can listen without getting it stuck in your head! 😂

@England @EnglandFootball 

#UPTH… -- 11/04/2022 09:30:53[FOLLOW DECISION] -- #[16] -- must match [15][NO FOLLOW] -- did not follow author/id: MrsAshleyLWhite/907298941569523712 -- 11/04/2022 09:30:54[CURRENT RUN] -- of 100 tweets -- 1[LIKED TWEET] -- # We play 'On With The Show' by Laurie Biagini @laurie_biagini at 9:28 AM and at 9:28 PM (Pacific Time) Fri, Nov 4, #NewMusic show https://t.co/6aizjVU8Bf -- 11/04/2022 09:31:24[FOLLOW DECISION] -- #[9] -- must match [15][NO FOLLOW] -- did not follow author/id: LonelyOakRadio/284959188 -- 11/04/2022 09:31:24[CURRENT RUN] -- of 100 tweets -- 1[LIKED TWEET] -- # RT @sadhousedaddy1: Ese Okorodudu live at Biddle Bros last night

https://t.co/gmb4BE9rvr

#livemusic #gig #biddlebros #hackney #eseokorodu… -- 11/04/2022 09:31:54[FOLLOW DECISION] -- #[8] -- must match [15][NO FOLLOW] -- did not follow author/id: ProtestMusica/239486395 -- 11/04/2022 09:31:55[CURRENT RUN] -- of 100 tweets -- 1[LIKED TWEET] -- # Today's the 17th anniversary of Walt Disney Pictures's 46th Animated Feature, "Chicken Little". 
@Disney @zachbraff 
#Anniversary #17thanniversary #Disney #WaltDisneyPictures #ChickenLittle #chickenlittle2005 #chickenlittledisney https://t.co/3To2E0qI4f -- 11/04/2022 09:32:25[FOLLOW DECISION] -- #[7] -- must match [15][NO FOLLOW] -- did not follow author/id: ArenStenslie/1281334465734733824 -- 11/04/2022 09:32:25[CURRENT RUN] -- of 100 tweets -- 1[LIKED TWEET] -- # RT @Nerdakles: If in 2022 you still think Disney is putting out quality Marvel/Star Wars — as opposed to cheap cgi, brain dead writing, rac… -- 11/04/2022 09:32:55[FOLLOW DECISION] -- #[10] -- must match [15][NO FOLLOW] -- did not follow author/id: Nerdakles/1352316281853100032 -- 11/04/2022 09:32:55[CURRENT RUN] -- of 100 tweets -- 1[LIKED TWEET] -- # We play 'Passing' by Burniscous @burniscous at 9:25 AM and at 9:25 PM (Pacific Time) Fri, Nov 4, #NewMusic show -- 11/04/2022 09:33:26[FOLLOW DECISION] -- #[15] -- must match [15]15 = 15... True[FOLLOWED AUTHOR] -- author id: LonelyOakRadio -- 11/04/2022 09:33:26[CURRENT RUN] -- of 100 tweets -- 1[LIKED TWEET] -- # We play 'Battle Hardened' by Mellor @melloruk at 9:21 AM and at 9:21 PM (Pacific Time) Fri, Nov 4, #NewMusic show https://t.co/QvmhCXFaf8 -- 11/04/2022 09:33:56[FOLLOW DECISION] -- #[2] -- must match [15][NO FOLLOW] -- did not follow author/id: LonelyOakRadio/284959188 -- 11/04/2022 09:33:56[CURRENT RUN] -- of 100 tweets -- 1[LIKED TWEET] -- # Stream at the link in my bio!!🖤✨

#newrelease #casanova #newmusic #sydnicole #countrymusic #country #music https://t.co/FFI9ucEVBO -- 11/04/2022 09:34:26[FOLLOW DECISION] -- #[8] -- must match [15][NO FOLLOW] -- did not follow author/id: SydniColeMusic/3155263594 -- 11/04/2022 09:34:27[CURRENT RUN] -- of 100 tweets -- 1[LIKED TWEET] -- # Find #Retro #70s gear! #onedayatatime #TheHoganFamily #Valerie #Angie #70skids #Nostalgia #Disney #1970s #Childhood https://t.co/7XY5jp3oev -- 11/04/2022 09:34:57[FOLLOW DECISION] -- #[19] -- must match [15][NO FOLLOW] -- did not follow author/id: JRomeotto/1575264227761209345 -- 11/04/2022 09:34:57[CURRENT RUN] -- of 100 tweets -- 1[LIKED TWEET] -- # RT @Hipster_pug_: Really happy to have #NewMusic 
This is my EP Nouveau Chapitre and is the first EP with @MonochromeMotif 

It is an ambie… -- 11/04/2022 09:35:27[FOLLOW DECISION] -- #[12] -- must match [15][NO FOLLOW] -- did not follow author/id: HartshornMusic/1151261877940436999 -- 11/04/2022 09:35:28[CURRENT RUN] -- of 100 tweets -- 1429 Too Many Requests
Too Many Requests --- 11/04/2022 09:35:58429 Too Many Requests
Too Many Requests --- 11/04/2022 09:36:00429 Too Many Requests
Too Many Requests --- 11/04/2022 09:36:02429 Too Many Requests
Too Many Requests --- 11/04/2022 09:36:04429 Too Many Requests
Too Many Requests --- 11/04/2022 09:36:06400 Bad Request
This tweet cannot be found. --- 11/04/2022 09:36:08429 Too Many Requests
Too Many Requests --- 11/04/2022 09:36:10429 Too Many Requests
Too Many Requests --- 11/04/2022 09:36:12429 Too Many Requests
Too Many Requests --- 11/04/2022 09:36:14429 Too Many Requests
Too Many Requests --- 11/04/2022 09:36:17429 Too Many Requests
Too Many Requests --- 11/04/2022 09:36:19429 Too Many Requests
Too Many Requests --- 11/04/2022 09:36:21[LIKED TWEET] -- # RT @vemondoll: The Noceda Siblings
#owlhouse #owlhousefanart #LuzNoceda #veenoceda #fanart #DigitalArtist #Disney https://t.co/zhuwuM6Vt1 -- 11/04/2022 09:36:23[FOLLOW DECISION] -- #[6] -- must match [15][NO FOLLOW] -- did not follow author/id: Lad1no/3172530289 -- 11/04/2022 09:36:23[CURRENT RUN] -- of 100 tweets -- 1429 Too Many Requests
Too Many Requests --- 11/04/2022 09:36:53429 Too Many Requests
Too Many Requests --- 11/04/2022 09:36:55429 Too Many Requests
Too Many Requests --- 11/04/2022 09:36:57429 Too Many Requests
Too Many Requests --- 11/04/2022 09:37:00429 Too Many Requests
Too Many Requests --- 11/04/2022 09:37:02429 Too Many Requests
Too Many Requests --- 11/04/2022 09:37:04429 Too Many Requests
Too Many Requests --- 11/04/2022 09:37:06429 Too Many Requests
Too Many Requests --- 11/04/2022 09:37:08429 Too Many Requests
Too Many Requests --- 11/04/2022 09:37:10429 Too Many Requests
Too Many Requests --- 11/04/2022 09:37:12429 Too Many Requests
Too Many Requests --- 11/04/2022 09:37:14429 Too Many Requests
Too Many Requests --- 11/04/2022 09:37:16429 Too Many Requests
Too Many Requests --- 11/04/2022 09:37:18429 Too Many Requests
Too Many Requests --- 11/04/2022 09:37:21429 Too Many Requests
Too Many Requests --- 11/04/2022 09:37:23429 Too Many Requests
Too Many Requests --- 11/04/2022 09:37:25429 Too Many Requests
Too Many Requests --- 11/04/2022 09:37:27429 Too Many Requests
Too Many Requests --- 11/04/2022 09:37:29429 Too Many Requests
Too Many Requests --- 11/04/2022 09:37:31429 Too Many Requests
Too Many Requests --- 11/04/2022 09:37:33429 Too Many Requests
Too Many Requests --- 11/04/2022 09:37:35429 Too Many Requests
Too Many Requests --- 11/04/2022 09:37:37429 Too Many Requests
Too Many Requests --- 11/04/2022 09:37:39429 Too Many Requests
Too Many Requests --- 11/04/2022 09:37:41429 Too Many Requests
Too Many Requests --- 11/04/2022 09:37:43429 Too Many Requests
Too Many Requests --- 11/04/2022 09:37:45429 Too Many Requests
Too Many Requests --- 11/04/2022 09:37:48429 Too Many Requests
Too Many Requests --- 11/04/2022 09:37:50429 Too Many Requests
Too Many Requests --- 11/04/2022 09:37:52429 Too Many Requests
Too Many Requests --- 11/04/2022 09:37:54429 Too Many Requests
Too Many Requests --- 11/04/2022 09:37:56429 Too Many Requests
Too Many Requests --- 11/04/2022 09:37:58429 Too Many Requests
Too Many Requests --- 11/04/2022 09:38:00429 Too Many Requests
Too Many Requests --- 11/04/2022 09:38:02429 Too Many Requests
Too Many Requests --- 11/04/2022 09:38:04429 Too Many Requests
Too Many Requests --- 11/04/2022 09:38:06429 Too Many Requests
Too Many Requests --- 11/04/2022 09:38:08429 Too Many Requests
Too Many Requests --- 11/04/2022 09:38:10429 Too Many Requests
Too Many Requests --- 11/04/2022 09:38:12429 Too Many Requests
Too Many Requests --- 11/04/2022 09:38:14429 Too Many Requests
Too Many Requests --- 11/04/2022 09:38:16429 Too Many Requests
Too Many Requests --- 11/04/2022 09:38:18429 Too Many Requests
Too Many Requests --- 11/04/2022 09:38:21429 Too Many Requests
Too Many Requests --- 11/04/2022 09:38:23429 Too Many Requests
Too Many Requests --- 11/04/2022 09:38:25429 Too Many Requests
Too Many Requests --- 11/04/2022 09:38:27429 Too Many Requests
Too Many Requests --- 11/04/2022 09:38:29429 Too Many Requests
Too Many Requests --- 11/04/2022 09:38:31429 Too Many Requests
Too Many Requests --- 11/04/2022 09:38:33429 Too Many Requests
Too Many Requests --- 11/04/2022 09:38:35429 Too Many Requests
Too Many Requests --- 11/04/2022 09:38:37429 Too Many Requests
Too Many Requests --- 11/04/2022 09:38:39429 Too Many Requests
Too Many Requests --- 11/04/2022 09:38:41429 Too Many Requests
Too Many Requests --- 11/04/2022 09:38:43429 Too Many Requests
Too Many Requests --- 11/04/2022 09:38:45429 Too Many Requests
Too Many Requests --- 11/04/2022 09:38:47429 Too Many Requests
Too Many Requests --- 11/04/2022 09:38:49429 Too Many Requests
Too Many Requests --- 11/04/2022 09:38:51429 Too Many Requests
Too Many Requests --- 11/04/2022 09:38:53429 Too Many Requests
Too Many Requests --- 11/04/2022 09:38:56429 Too Many Requests
Too Many Requests --- 11/04/2022 09:38:58429 Too Many Requests
Too Many Requests --- 11/04/2022 09:39:00429 Too Many Requests
Too Many Requests --- 11/04/2022 09:39:02429 Too Many Requests
Too Many Requests --- 11/04/2022 09:39:04429 Too Many Requests
Too Many Requests --- 11/04/2022 09:39:06429 Too Many Requests
Too Many Requests --- 11/04/2022 09:39:08429 Too Many Requests
Too Many Requests --- 11/04/2022 09:39:10[INITIATE TWEET RETRIEVAL] -- of 100 tweets -- 11/04/2022 09:39:12[FOLLOW BACK] -- already following WolfornaUK[FOLLOW BACK] -- now following: DavidCallender -- 11/04/2022 09:39:13[FOLLOW BACK] -- already following rtItBot[FOLLOW BACK] -- now following: SpotifyRT -- 11/04/2022 09:39:13[FOLLOW BACK] -- now following: D38301104 -- 11/04/2022 09:39:13[FOLLOW BACK] -- now following: selltheheart -- 11/04/2022 09:39:14[FOLLOW BACK] -- now following: Fluu_Producer -- 11/04/2022 09:39:14[FOLLOW BACK] -- now following: marcusj_images -- 11/04/2022 09:39:15[FOLLOW BACK] -- now following: Lauriebassnlegs -- 11/04/2022 09:39:15[TWEET RETRIEVAL] -- # 2 -- 11/04/2022 09:39:15429 Too Many Requests
Too Many Requests --- 11/04/2022 09:39:16429 Too Many Requests
Too Many Requests --- 11/04/2022 09:39:18429 Too Many Requests
Too Many Requests --- 11/04/2022 09:39:20429 Too Many Requests
Too Many Requests --- 11/04/2022 09:39:22429 Too Many Requests
Too Many Requests --- 11/04/2022 09:39:24429 Too Many Requests
Too Many Requests --- 11/04/2022 09:39:26429 Too Many Requests
Too Many Requests --- 11/04/2022 09:39:28429 Too Many Requests
Too Many Requests --- 11/04/2022 09:39:30429 Too Many Requests
Too Many Requests --- 11/04/2022 09:39:32429 Too Many Requests
Too Many Requests --- 11/04/2022 09:39:34429 Too Many Requests
Too Many Requests --- 11/04/2022 09:39:36429 Too Many Requests
Too Many Requests --- 11/04/2022 09:39:38429 Too Many Requests
Too Many Requests --- 11/04/2022 09:39:40429 Too Many Requests
Too Many Requests --- 11/04/2022 09:39:42429 Too Many Requests
Too Many Requests --- 11/04/2022 09:39:44429 Too Many Requests
Too Many Requests --- 11/04/2022 09:39:46429 Too Many Requests
Too Many Requests --- 11/04/2022 09:39:48429 Too Many Requests
Too Many Requests --- 11/04/2022 09:39:51429 Too Many Requests
Too Many Requests --- 11/04/2022 09:39:53429 Too Many Requests
Too Many Requests --- 11/04/2022 09:39:55429 Too Many Requests
Too Many Requests --- 11/04/2022 09:39:57429 Too Many Requests
Too Many Requests --- 11/04/2022 09:39:59429 Too Many Requests
Too Many Requests --- 11/04/2022 09:40:01429 Too Many Requests
Too Many Requests --- 11/04/2022 09:40:03429 Too Many Requests
Too Many Requests --- 11/04/2022 09:40:05429 Too Many Requests
Too Many Requests --- 11/04/2022 09:40:07429 Too Many Requests
Too Many Requests --- 11/04/2022 09:40:09429 Too Many Requests
Too Many Requests --- 11/04/2022 09:40:11429 Too Many Requests
Too Many Requests --- 11/04/2022 09:40:13429 Too Many Requests
Too Many Requests --- 11/04/2022 09:40:15429 Too Many Requests
Too Many Requests --- 11/04/2022 09:40:17429 Too Many Requests
Too Many Requests --- 11/04/2022 09:40:19429 Too Many Requests
Too Many Requests --- 11/04/2022 09:40:21429 Too Many Requests
Too Many Requests --- 11/04/2022 09:40:24429 Too Many Requests
Too Many Requests --- 11/04/2022 09:40:26429 Too Many Requests
Too Many Requests --- 11/04/2022 09:40:28429 Too Many Requests
Too Many Requests --- 11/04/2022 09:40:30429 Too Many Requests
Too Many Requests --- 11/04/2022 09:40:32429 Too Many Requests
Too Many Requests --- 11/04/2022 09:40:34429 Too Many Requests
Too Many Requests --- 11/04/2022 09:40:36429 Too Many Requests
Too Many Requests --- 11/04/2022 09:40:38429 Too Many Requests
Too Many Requests --- 11/04/2022 09:40:40429 Too Many Requests
Too Many Requests --- 11/04/2022 09:40:42429 Too Many Requests
Too Many Requests --- 11/04/2022 09:40:44429 Too Many Requests
Too Many Requests --- 11/04/2022 09:40:46429 Too Many Requests
Too Many Requests --- 11/04/2022 09:40:48429 Too Many Requests
Too Many Requests --- 11/04/2022 09:40:50429 Too Many Requests
Too Many Requests --- 11/04/2022 09:40:53429 Too Many Requests
Too Many Requests --- 11/04/2022 09:40:55429 Too Many Requests
Too Many Requests --- 11/04/2022 09:40:57[LIKED TWEET] -- # RT @Indie30: Added to New in Folk, Country &amp; Singer Songwriter - An Indie30 New Music Playlist on Spotify: "Dovetail" by H.C. McEntire http… -- 11/04/2022 09:40:59[FOLLOW DECISION] -- #[19] -- must match [15][NO FOLLOW] -- did not follow author/id: ProtestMusica/239486395 -- 11/04/2022 09:40:59[CURRENT RUN] -- of 100 tweets -- 2429 Too Many Requests
Too Many Requests --- 11/04/2022 09:41:29429 Too Many Requests
Too Many Requests --- 11/04/2022 09:41:31429 Too Many Requests
Too Many Requests --- 11/04/2022 09:41:33429 Too Many Requests
Too Many Requests --- 11/04/2022 09:41:36429 Too Many Requests
Too Many Requests --- 11/04/2022 09:41:38[LIKED TWEET] -- # RT @elmejordelresto: Diciembre del año 1996. Damon Hill, flamante campeón del mundo, se da una vuelta por Disneyland a bordo de su Williams… -- 11/04/2022 09:41:40[FOLLOW DECISION] -- #[12] -- must match [15][NO FOLLOW] -- did not follow author/id: ZuzanaDistancia/1160077739149406209 -- 11/04/2022 09:41:40[CURRENT RUN] -- of 100 tweets -- 2429 Too Many Requests
Too Many Requests --- 11/04/2022 09:42:10429 Too Many Requests
Too Many Requests --- 11/04/2022 09:42:12429 Too Many Requests
Too Many Requests --- 11/04/2022 09:42:14[LIKED TWEET] -- # RT @EmoryRadiology: She joined us this year and already we can't work without her. @AmyMehollinRay brings gold to our #pedsrad #radfellow t… -- 11/04/2022 09:42:16[FOLLOW DECISION] -- #[13] -- must match [15][NO FOLLOW] -- did not follow author/id: AmyMehollinRay/1521273664997576705 -- 11/04/2022 09:42:17[CURRENT RUN] -- of 100 tweets -- 2429 Too Many Requests
Too Many Requests --- 11/04/2022 09:42:47429 Too Many Requests
Too Many Requests --- 11/04/2022 09:42:49429 Too Many Requests
Too Many Requests --- 11/04/2022 09:42:51429 Too Many Requests
Too Many Requests --- 11/04/2022 09:42:53429 Too Many Requests
Too Many Requests --- 11/04/2022 09:42:55429 Too Many Requests
Too Many Requests --- 11/04/2022 09:42:57429 Too Many Requests
Too Many Requests --- 11/04/2022 09:42:59[LIKED TWEET] -- # RT @eloielmusic: The second track "Wherever You Go" off my upcoming EP is out everywhere!
Go watch the music video and let me know what you… -- 11/04/2022 09:43:01[FOLLOW DECISION] -- #[12] -- must match [15][NO FOLLOW] -- did not follow author/id: palmtreerecs/1136313606574956546 -- 11/04/2022 09:43:02[CURRENT RUN] -- of 100 tweets -- 2[LIKED TWEET] -- # RT @enstatia: I think it's time for #Marvel/#Disney character mashups challenge Vol.2 I already have a few ideas, but I'm open to any sugge… -- 11/04/2022 09:43:32[FOLLOW DECISION] -- #[7] -- must match [15][NO FOLLOW] -- did not follow author/id: taphyeen/1130206851977613312 -- 11/04/2022 09:43:32[CURRENT RUN] -- of 100 tweets -- 2429 Too Many Requests
Too Many Requests --- 11/04/2022 09:44:02429 Too Many Requests
Too Many Requests --- 11/04/2022 09:44:04[LIKED TWEET] -- # RT @elmejordelresto: Diciembre del año 1996. Damon Hill, flamante campeón del mundo, se da una vuelta por Disneyland a bordo de su Williams… -- 11/04/2022 09:44:06[FOLLOW DECISION] -- #[1] -- must match [15][NO FOLLOW] -- did not follow author/id: Angel9206/201331459 -- 11/04/2022 09:44:06[CURRENT RUN] -- of 100 tweets -- 2[LIKED TWEET] -- # RT @HandyKara: #artpost #posterdesign #mulan #alternativemovieposter #disney #animation #movie #film #vector #art #adobe #photoshop #poster… -- 11/04/2022 09:44:37[FOLLOW DECISION] -- #[8] -- must match [15][NO FOLLOW] -- did not follow author/id: Dosoky20/1147786199173619712 -- 11/04/2022 09:44:37[CURRENT RUN] -- of 100 tweets -- 2429 Too Many Requests
Too Many Requests --- 11/04/2022 09:45:07429 Too Many Requests
Too Many Requests --- 11/04/2022 09:45:09429 Too Many Requests
Too Many Requests --- 11/04/2022 09:45:11429 Too Many Requests
Too Many Requests --- 11/04/2022 09:45:13429 Too Many Requests
Too Many Requests --- 11/04/2022 09:45:15429 Too Many Requests
Too Many Requests --- 11/04/2022 09:45:17429 Too Many Requests
Too Many Requests --- 11/04/2022 09:45:19429 Too Many Requests
Too Many Requests --- 11/04/2022 09:45:22429 Too Many Requests
Too Many Requests --- 11/04/2022 09:45:24429 Too Many Requests
Too Many Requests --- 11/04/2022 09:45:26429 Too Many Requests
Too Many Requests --- 11/04/2022 09:45:28429 Too Many Requests
Too Many Requests --- 11/04/2022 09:45:30429 Too Many Requests
Too Many Requests --- 11/04/2022 09:45:32429 Too Many Requests
Too Many Requests --- 11/04/2022 09:45:34429 Too Many Requests
Too Many Requests --- 11/04/2022 09:45:36429 Too Many Requests
Too Many Requests --- 11/04/2022 09:45:38429 Too Many Requests
Too Many Requests --- 11/04/2022 09:45:40429 Too Many Requests
Too Many Requests --- 11/04/2022 09:45:43429 Too Many Requests
Too Many Requests --- 11/04/2022 09:45:45429 Too Many Requests
Too Many Requests --- 11/04/2022 09:45:47429 Too Many Requests
Too Many Requests --- 11/04/2022 09:45:49[LIKED TWEET] -- # RT @BMOPmusic: It’s #BandcampFriday, when an average of 93% of your purchase of digital downloads and multi-disc sets—with #BMOP’s iconic l… -- 11/04/2022 09:45:51[FOLLOW DECISION] -- #[2] -- must match [15][NO FOLLOW] -- did not follow author/id: HeyWhatDay/2715459990 -- 11/04/2022 09:45:51[CURRENT RUN] -- of 100 tweets -- 2429 Too Many Requests
Too Many Requests --- 11/04/2022 09:46:21429 Too Many Requests
Too Many Requests --- 11/04/2022 09:46:23429 Too Many Requests
Too Many Requests --- 11/04/2022 09:46:25429 Too Many Requests
Too Many Requests --- 11/04/2022 09:46:27[INITIATE TWEET RETRIEVAL] -- of 100 tweets -- 11/04/2022 09:46:29[FOLLOW BACK] -- already following WolfornaUK[FOLLOW BACK] -- now following: DavidCallender -- 11/04/2022 09:46:30[FOLLOW BACK] -- already following rtItBot[FOLLOW BACK] -- now following: SpotifyRT -- 11/04/2022 09:46:30[FOLLOW BACK] -- now following: D38301104 -- 11/04/2022 09:46:31[FOLLOW BACK] -- now following: selltheheart -- 11/04/2022 09:46:31[FOLLOW BACK] -- now following: Fluu_Producer -- 11/04/2022 09:46:31[FOLLOW BACK] -- now following: marcusj_images -- 11/04/2022 09:46:32[FOLLOW BACK] -- now following: Lauriebassnlegs -- 11/04/2022 09:46:32[TWEET RETRIEVAL] -- # 3 -- 11/04/2022 09:46:32429 Too Many Requests
Too Many Requests --- 11/04/2022 09:46:33429 Too Many Requests
Too Many Requests --- 11/04/2022 09:46:35429 Too Many Requests
Too Many Requests --- 11/04/2022 09:46:37429 Too Many Requests
Too Many Requests --- 11/04/2022 09:46:39429 Too Many Requests
Too Many Requests --- 11/04/2022 09:46:41429 Too Many Requests
Too Many Requests --- 11/04/2022 09:46:43429 Too Many Requests
Too Many Requests --- 11/04/2022 09:46:45429 Too Many Requests
Too Many Requests --- 11/04/2022 09:46:47429 Too Many Requests
Too Many Requests --- 11/04/2022 09:46:49429 Too Many Requests
Too Many Requests --- 11/04/2022 09:46:51429 Too Many Requests
Too Many Requests --- 11/04/2022 09:46:54429 Too Many Requests
Too Many Requests --- 11/04/2022 09:46:56429 Too Many Requests
Too Many Requests --- 11/04/2022 09:46:58429 Too Many Requests
Too Many Requests --- 11/04/2022 09:47:00429 Too Many Requests
Too Many Requests --- 11/04/2022 09:47:02429 Too Many Requests
Too Many Requests --- 11/04/2022 09:47:04429 Too Many Requests
Too Many Requests --- 11/04/2022 09:47:06429 Too Many Requests
Too Many Requests --- 11/04/2022 09:47:08429 Too Many Requests
Too Many Requests --- 11/04/2022 09:47:10429 Too Many Requests
Too Many Requests --- 11/04/2022 09:47:12429 Too Many Requests
Too Many Requests --- 11/04/2022 09:47:14429 Too Many Requests
Too Many Requests --- 11/04/2022 09:47:16429 Too Many Requests
Too Many Requests --- 11/04/2022 09:47:18429 Too Many Requests
Too Many Requests --- 11/04/2022 09:47:20429 Too Many Requests
Too Many Requests --- 11/04/2022 09:47:22429 Too Many Requests
Too Many Requests --- 11/04/2022 09:47:24429 Too Many Requests
Too Many Requests --- 11/04/2022 09:47:26429 Too Many Requests
Too Many Requests --- 11/04/2022 09:47:29429 Too Many Requests
Too Many Requests --- 11/04/2022 09:47:31429 Too Many Requests
Too Many Requests --- 11/04/2022 09:47:33429 Too Many Requests
Too Many Requests --- 11/04/2022 09:47:35429 Too Many Requests
Too Many Requests --- 11/04/2022 09:47:37429 Too Many Requests
Too Many Requests --- 11/04/2022 09:47:39429 Too Many Requests
Too Many Requests --- 11/04/2022 09:47:41429 Too Many Requests
Too Many Requests --- 11/04/2022 09:47:43429 Too Many Requests
Too Many Requests --- 11/04/2022 09:47:45429 Too Many Requests
Too Many Requests --- 11/04/2022 09:47:47429 Too Many Requests
Too Many Requests --- 11/04/2022 09:47:49429 Too Many Requests
Too Many Requests --- 11/04/2022 09:47:51429 Too Many Requests
Too Many Requests --- 11/04/2022 09:47:53429 Too Many Requests
Too Many Requests --- 11/04/2022 09:47:55429 Too Many Requests
Too Many Requests --- 11/04/2022 09:47:57429 Too Many Requests
Too Many Requests --- 11/04/2022 09:47:59429 Too Many Requests
Too Many Requests --- 11/04/2022 09:48:01429 Too Many Requests
Too Many Requests --- 11/04/2022 09:48:04429 Too Many Requests
Too Many Requests --- 11/04/2022 09:48:06429 Too Many Requests
Too Many Requests --- 11/04/2022 09:48:08429 Too Many Requests
Too Many Requests --- 11/04/2022 09:48:10429 Too Many Requests
Too Many Requests --- 11/04/2022 09:48:12429 Too Many Requests
Too Many Requests --- 11/04/2022 09:48:14429 Too Many Requests
Too Many Requests --- 11/04/2022 09:48:16429 Too Many Requests
Too Many Requests --- 11/04/2022 09:48:18429 Too Many Requests
Too Many Requests --- 11/04/2022 09:48:20429 Too Many Requests
Too Many Requests --- 11/04/2022 09:48:22429 Too Many Requests
Too Many Requests --- 11/04/2022 09:48:24429 Too Many Requests
Too Many Requests --- 11/04/2022 09:48:26429 Too Many Requests
Too Many Requests --- 11/04/2022 09:48:28429 Too Many Requests
Too Many Requests --- 11/04/2022 09:48:30429 Too Many Requests
Too Many Requests --- 11/04/2022 09:48:32429 Too Many Requests
Too Many Requests --- 11/04/2022 09:48:34429 Too Many Requests
Too Many Requests --- 11/04/2022 09:48:37429 Too Many Requests
Too Many Requests --- 11/04/2022 09:48:39429 Too Many Requests
Too Many Requests --- 11/04/2022 09:48:41429 Too Many Requests
Too Many Requests --- 11/04/2022 09:48:43429 Too Many Requests
Too Many Requests --- 11/04/2022 09:48:45429 Too Many Requests
Too Many Requests --- 11/04/2022 09:48:47429 Too Many Requests
Too Many Requests --- 11/04/2022 09:48:49429 Too Many Requests
Too Many Requests --- 11/04/2022 09:48:51429 Too Many Requests
Too Many Requests --- 11/04/2022 09:48:53429 Too Many Requests
Too Many Requests --- 11/04/2022 09:48:55429 Too Many Requests
Too Many Requests --- 11/04/2022 09:48:57429 Too Many Requests
Too Many Requests --- 11/04/2022 09:48:59429 Too Many Requests
Too Many Requests --- 11/04/2022 09:49:01429 Too Many Requests
Too Many Requests --- 11/04/2022 09:49:03429 Too Many Requests
Too Many Requests --- 11/04/2022 09:49:05429 Too Many Requests
Too Many Requests --- 11/04/2022 09:49:07429 Too Many Requests
Too Many Requests --- 11/04/2022 09:49:09429 Too Many Requests
Too Many Requests --- 11/04/2022 09:49:12429 Too Many Requests
Too Many Requests --- 11/04/2022 09:49:14429 Too Many Requests
Too Many Requests --- 11/04/2022 09:49:16429 Too Many Requests
Too Many Requests --- 11/04/2022 09:49:18429 Too Many Requests
Too Many Requests --- 11/04/2022 09:49:20429 Too Many Requests
Too Many Requests --- 11/04/2022 09:49:22429 Too Many Requests
Too Many Requests --- 11/04/2022 09:49:24429 Too Many Requests
Too Many Requests --- 11/04/2022 09:49:26429 Too Many Requests
Too Many Requests --- 11/04/2022 09:49:28429 Too Many Requests
Too Many Requests --- 11/04/2022 09:49:30429 Too Many Requests
Too Many Requests --- 11/04/2022 09:49:32429 Too Many Requests
Too Many Requests --- 11/04/2022 09:49:34429 Too Many Requests
Too Many Requests --- 11/04/2022 09:49:36429 Too Many Requests
Too Many Requests --- 11/04/2022 09:49:38429 Too Many Requests
Too Many Requests --- 11/04/2022 09:49:40429 Too Many Requests
Too Many Requests --- 11/04/2022 09:49:42429 Too Many Requests
Too Many Requests --- 11/04/2022 09:49:44429 Too Many Requests
Too Many Requests --- 11/04/2022 09:49:47429 Too Many Requests
Too Many Requests --- 11/04/2022 09:49:49429 Too Many Requests
Too Many Requests --- 11/04/2022 09:49:51429 Too Many Requests
Too Many Requests --- 11/04/2022 09:49:53429 Too Many Requests
Too Many Requests --- 11/04/2022 09:49:55429 Too Many Requests
Too Many Requests --- 11/04/2022 09:49:57[INITIATE TWEET RETRIEVAL] -- of 100 tweets -- 11/04/2022 09:49:59[FOLLOW BACK] -- already following WolfornaUK[FOLLOW BACK] -- now following: DavidCallender -- 11/04/2022 09:49:59[FOLLOW BACK] -- already following rtItBot[FOLLOW BACK] -- now following: SpotifyRT -- 11/04/2022 09:50:00[FOLLOW BACK] -- now following: D38301104 -- 11/04/2022 09:50:00[FOLLOW BACK] -- now following: selltheheart -- 11/04/2022 09:50:01[FOLLOW BACK] -- now following: Fluu_Producer -- 11/04/2022 09:50:01[FOLLOW BACK] -- now following: marcusj_images -- 11/04/2022 09:50:01[FOLLOW BACK] -- now following: Lauriebassnlegs -- 11/04/2022 09:50:02[TWEET RETRIEVAL] -- # 4 -- 11/04/2022 09:50:02429 Too Many Requests
Too Many Requests --- 11/04/2022 09:50:02429 Too Many Requests
Too Many Requests --- 11/04/2022 09:50:04429 Too Many Requests
Too Many Requests --- 11/04/2022 09:50:06429 Too Many Requests
Too Many Requests --- 11/04/2022 09:50:09429 Too Many Requests
Too Many Requests --- 11/04/2022 09:50:11429 Too Many Requests
Too Many Requests --- 11/04/2022 09:50:13429 Too Many Requests
Too Many Requests --- 11/04/2022 09:50:15429 Too Many Requests
Too Many Requests --- 11/04/2022 09:50:17429 Too Many Requests
Too Many Requests --- 11/04/2022 09:50:19429 Too Many Requests
Too Many Requests --- 11/04/2022 09:50:21429 Too Many Requests
Too Many Requests --- 11/04/2022 09:50:23429 Too Many Requests
Too Many Requests --- 11/04/2022 09:50:25429 Too Many Requests
Too Many Requests --- 11/04/2022 09:50:27429 Too Many Requests
Too Many Requests --- 11/04/2022 09:50:29429 Too Many Requests
Too Many Requests --- 11/04/2022 09:50:31429 Too Many Requests
Too Many Requests --- 11/04/2022 09:50:33429 Too Many Requests
Too Many Requests --- 11/04/2022 09:50:35429 Too Many Requests
Too Many Requests --- 11/04/2022 09:50:37429 Too Many Requests
Too Many Requests --- 11/04/2022 09:50:39429 Too Many Requests
Too Many Requests --- 11/04/2022 09:50:41429 Too Many Requests
Too Many Requests --- 11/04/2022 09:50:44429 Too Many Requests
Too Many Requests --- 11/04/2022 09:50:46429 Too Many Requests
Too Many Requests --- 11/04/2022 09:50:48429 Too Many Requests
Too Many Requests --- 11/04/2022 09:50:50429 Too Many Requests
Too Many Requests --- 11/04/2022 09:50:52429 Too Many Requests
Too Many Requests --- 11/04/2022 09:50:54429 Too Many Requests
Too Many Requests --- 11/04/2022 09:50:56429 Too Many Requests
Too Many Requests --- 11/04/2022 09:50:58429 Too Many Requests
Too Many Requests --- 11/04/2022 09:51:00429 Too Many Requests
Too Many Requests --- 11/04/2022 09:51:02429 Too Many Requests
Too Many Requests --- 11/04/2022 09:51:04429 Too Many Requests
Too Many Requests --- 11/04/2022 09:51:06429 Too Many Requests
Too Many Requests --- 11/04/2022 09:51:08429 Too Many Requests
Too Many Requests --- 11/04/2022 09:51:10429 Too Many Requests
Too Many Requests --- 11/04/2022 09:51:12429 Too Many Requests
Too Many Requests --- 11/04/2022 09:51:14429 Too Many Requests
Too Many Requests --- 11/04/2022 09:51:16429 Too Many Requests
Too Many Requests --- 11/04/2022 09:51:19429 Too Many Requests
Too Many Requests --- 11/04/2022 09:51:21429 Too Many Requests
Too Many Requests --- 11/04/2022 09:51:23429 Too Many Requests
Too Many Requests --- 11/04/2022 09:51:25429 Too Many Requests
Too Many Requests --- 11/04/2022 09:51:27429 Too Many Requests
Too Many Requests --- 11/04/2022 09:51:29429 Too Many Requests
Too Many Requests --- 11/04/2022 09:51:31429 Too Many Requests
Too Many Requests --- 11/04/2022 09:51:33429 Too Many Requests
Too Many Requests --- 11/04/2022 09:51:35429 Too Many Requests
Too Many Requests --- 11/04/2022 09:51:37429 Too Many Requests
Too Many Requests --- 11/04/2022 09:51:39429 Too Many Requests
Too Many Requests --- 11/04/2022 09:51:41429 Too Many Requests
Too Many Requests --- 11/04/2022 09:51:43429 Too Many Requests
Too Many Requests --- 11/04/2022 09:51:45429 Too Many Requests
Too Many Requests --- 11/04/2022 09:51:47429 Too Many Requests
Too Many Requests --- 11/04/2022 09:51:49429 Too Many Requests
Too Many Requests --- 11/04/2022 09:51:51429 Too Many Requests
Too Many Requests --- 11/04/2022 09:51:54429 Too Many Requests
Too Many Requests --- 11/04/2022 09:51:56429 Too Many Requests
Too Many Requests --- 11/04/2022 09:51:58429 Too Many Requests
Too Many Requests --- 11/04/2022 09:52:00429 Too Many Requests
Too Many Requests --- 11/04/2022 09:52:02429 Too Many Requests
Too Many Requests --- 11/04/2022 09:52:04429 Too Many Requests
Too Many Requests --- 11/04/2022 09:52:06429 Too Many Requests
Too Many Requests --- 11/04/2022 09:52:08429 Too Many Requests
Too Many Requests --- 11/04/2022 09:52:10429 Too Many Requests
Too Many Requests --- 11/04/2022 09:52:12429 Too Many Requests
Too Many Requests --- 11/04/2022 09:52:14429 Too Many Requests
Too Many Requests --- 11/04/2022 09:52:16429 Too Many Requests
Too Many Requests --- 11/04/2022 09:52:18429 Too Many Requests
Too Many Requests --- 11/04/2022 09:52:20429 Too Many Requests
Too Many Requests --- 11/04/2022 09:52:22429 Too Many Requests
Too Many Requests --- 11/04/2022 09:52:24429 Too Many Requests
Too Many Requests --- 11/04/2022 09:52:26429 Too Many Requests
Too Many Requests --- 11/04/2022 09:52:28429 Too Many Requests
Too Many Requests --- 11/04/2022 09:52:31429 Too Many Requests
Too Many Requests --- 11/04/2022 09:52:33429 Too Many Requests
Too Many Requests --- 11/04/2022 09:52:35429 Too Many Requests
Too Many Requests --- 11/04/2022 09:52:37429 Too Many Requests
Too Many Requests --- 11/04/2022 09:52:39429 Too Many Requests
Too Many Requests --- 11/04/2022 09:52:41429 Too Many Requests
Too Many Requests --- 11/04/2022 09:52:43429 Too Many Requests
Too Many Requests --- 11/04/2022 09:52:45429 Too Many Requests
Too Many Requests --- 11/04/2022 09:52:47429 Too Many Requests
Too Many Requests --- 11/04/2022 09:52:49429 Too Many Requests
Too Many Requests --- 11/04/2022 09:52:51429 Too Many Requests
Too Many Requests --- 11/04/2022 09:52:53429 Too Many Requests
Too Many Requests --- 11/04/2022 09:52:55429 Too Many Requests
Too Many Requests --- 11/04/2022 09:52:57429 Too Many Requests
Too Many Requests --- 11/04/2022 09:52:59429 Too Many Requests
Too Many Requests --- 11/04/2022 09:53:01429 Too Many Requests
Too Many Requests --- 11/04/2022 09:53:03429 Too Many Requests
Too Many Requests --- 11/04/2022 09:53:06429 Too Many Requests
Too Many Requests --- 11/04/2022 09:53:08429 Too Many Requests
Too Many Requests --- 11/04/2022 09:53:10429 Too Many Requests
Too Many Requests --- 11/04/2022 09:53:12429 Too Many Requests
Too Many Requests --- 11/04/2022 09:53:14429 Too Many Requests
Too Many Requests --- 11/04/2022 09:53:16429 Too Many Requests
Too Many Requests --- 11/04/2022 09:53:18429 Too Many Requests
Too Many Requests --- 11/04/2022 09:53:20429 Too Many Requests
Too Many Requests --- 11/04/2022 09:53:22429 Too Many Requests
Too Many Requests --- 11/04/2022 09:53:24429 Too Many Requests
Too Many Requests --- 11/04/2022 09:53:26[INITIATE TWEET RETRIEVAL] -- of 100 tweets -- 11/04/2022 09:53:28[FOLLOW BACK] -- already following WolfornaUK[FOLLOW BACK] -- now following: DavidCallender -- 11/04/2022 09:53:29[FOLLOW BACK] -- already following rtItBot[FOLLOW BACK] -- now following: SpotifyRT -- 11/04/2022 09:53:29[FOLLOW BACK] -- now following: D38301104 -- 11/04/2022 09:53:29[FOLLOW BACK] -- now following: selltheheart -- 11/04/2022 09:53:30[FOLLOW BACK] -- now following: Fluu_Producer -- 11/04/2022 09:53:30[FOLLOW BACK] -- now following: marcusj_images -- 11/04/2022 09:53:30[FOLLOW BACK] -- now following: Lauriebassnlegs -- 11/04/2022 09:53:31[TWEET RETRIEVAL] -- # 5 -- 11/04/2022 09:53:31429 Too Many Requests
Too Many Requests --- 11/04/2022 09:53:31429 Too Many Requests
Too Many Requests --- 11/04/2022 09:53:33429 Too Many Requests
Too Many Requests --- 11/04/2022 09:53:36429 Too Many Requests
Too Many Requests --- 11/04/2022 09:53:38429 Too Many Requests
Too Many Requests --- 11/04/2022 09:53:40429 Too Many Requests
Too Many Requests --- 11/04/2022 09:53:42429 Too Many Requests
Too Many Requests --- 11/04/2022 09:53:44429 Too Many Requests
Too Many Requests --- 11/04/2022 09:53:46429 Too Many Requests
Too Many Requests --- 11/04/2022 09:53:48429 Too Many Requests
Too Many Requests --- 11/04/2022 09:53:50429 Too Many Requests
Too Many Requests --- 11/04/2022 09:53:52429 Too Many Requests
Too Many Requests --- 11/04/2022 09:53:54429 Too Many Requests
Too Many Requests --- 11/04/2022 09:53:56429 Too Many Requests
Too Many Requests --- 11/04/2022 09:53:58429 Too Many Requests
Too Many Requests --- 11/04/2022 09:54:00429 Too Many Requests
Too Many Requests --- 11/04/2022 09:54:02429 Too Many Requests
Too Many Requests --- 11/04/2022 09:54:04429 Too Many Requests
Too Many Requests --- 11/04/2022 09:54:06429 Too Many Requests
Too Many Requests --- 11/04/2022 09:54:08429 Too Many Requests
Too Many Requests --- 11/04/2022 09:54:11429 Too Many Requests
Too Many Requests --- 11/04/2022 09:54:13429 Too Many Requests
Too Many Requests --- 11/04/2022 09:54:15429 Too Many Requests
Too Many Requests --- 11/04/2022 09:54:17429 Too Many Requests
Too Many Requests --- 11/04/2022 09:54:19429 Too Many Requests
Too Many Requests --- 11/04/2022 09:54:21429 Too Many Requests
Too Many Requests --- 11/04/2022 09:54:23429 Too Many Requests
Too Many Requests --- 11/04/2022 09:54:25429 Too Many Requests
Too Many Requests --- 11/04/2022 09:54:27429 Too Many Requests
Too Many Requests --- 11/04/2022 09:54:29429 Too Many Requests
Too Many Requests --- 11/04/2022 09:54:31429 Too Many Requests
Too Many Requests --- 11/04/2022 09:54:33429 Too Many Requests
Too Many Requests --- 11/04/2022 09:54:35429 Too Many Requests
Too Many Requests --- 11/04/2022 09:54:37429 Too Many Requests
Too Many Requests --- 11/04/2022 09:54:39429 Too Many Requests
Too Many Requests --- 11/04/2022 09:54:41429 Too Many Requests
Too Many Requests --- 11/04/2022 09:54:44429 Too Many Requests
Too Many Requests --- 11/04/2022 09:54:46429 Too Many Requests
Too Many Requests --- 11/04/2022 09:54:48429 Too Many Requests
Too Many Requests --- 11/04/2022 09:54:50429 Too Many Requests
Too Many Requests --- 11/04/2022 09:54:52429 Too Many Requests
Too Many Requests --- 11/04/2022 09:54:54429 Too Many Requests
Too Many Requests --- 11/04/2022 09:54:56429 Too Many Requests
Too Many Requests --- 11/04/2022 09:54:58429 Too Many Requests
Too Many Requests --- 11/04/2022 09:55:00429 Too Many Requests
Too Many Requests --- 11/04/2022 09:55:02429 Too Many Requests
Too Many Requests --- 11/04/2022 09:55:04429 Too Many Requests
Too Many Requests --- 11/04/2022 09:55:06429 Too Many Requests
Too Many Requests --- 11/04/2022 09:55:08429 Too Many Requests
Too Many Requests --- 11/04/2022 09:55:10429 Too Many Requests
Too Many Requests --- 11/04/2022 09:55:12429 Too Many Requests
Too Many Requests --- 11/04/2022 09:55:14429 Too Many Requests
Too Many Requests --- 11/04/2022 09:55:16429 Too Many Requests
Too Many Requests --- 11/04/2022 09:55:19429 Too Many Requests
Too Many Requests --- 11/04/2022 09:55:21429 Too Many Requests
Too Many Requests --- 11/04/2022 09:55:23429 Too Many Requests
Too Many Requests --- 11/04/2022 09:55:25429 Too Many Requests
Too Many Requests --- 11/04/2022 09:55:27429 Too Many Requests
Too Many Requests --- 11/04/2022 09:55:29429 Too Many Requests
Too Many Requests --- 11/04/2022 09:55:31429 Too Many Requests
Too Many Requests --- 11/04/2022 09:55:33429 Too Many Requests
Too Many Requests --- 11/04/2022 09:55:35429 Too Many Requests
Too Many Requests --- 11/04/2022 09:55:37429 Too Many Requests
Too Many Requests --- 11/04/2022 09:55:39429 Too Many Requests
Too Many Requests --- 11/04/2022 09:55:41429 Too Many Requests
Too Many Requests --- 11/04/2022 09:55:43429 Too Many Requests
Too Many Requests --- 11/04/2022 09:55:45429 Too Many Requests
Too Many Requests --- 11/04/2022 09:55:47429 Too Many Requests
Too Many Requests --- 11/04/2022 09:55:49429 Too Many Requests
Too Many Requests --- 11/04/2022 09:55:51429 Too Many Requests
Too Many Requests --- 11/04/2022 09:55:54429 Too Many Requests
Too Many Requests --- 11/04/2022 09:55:56429 Too Many Requests
Too Many Requests --- 11/04/2022 09:55:58429 Too Many Requests
Too Many Requests --- 11/04/2022 09:56:00429 Too Many Requests
Too Many Requests --- 11/04/2022 09:56:02429 Too Many Requests
Too Many Requests --- 11/04/2022 09:56:04429 Too Many Requests
Too Many Requests --- 11/04/2022 09:56:06429 Too Many Requests
Too Many Requests --- 11/04/2022 09:56:08429 Too Many Requests
Too Many Requests --- 11/04/2022 09:56:10429 Too Many Requests
Too Many Requests --- 11/04/2022 09:56:12429 Too Many Requests
Too Many Requests --- 11/04/2022 09:56:15429 Too Many Requests
Too Many Requests --- 11/04/2022 09:56:17429 Too Many Requests
Too Many Requests --- 11/04/2022 09:56:19429 Too Many Requests
Too Many Requests --- 11/04/2022 09:56:21429 Too Many Requests
Too Many Requests --- 11/04/2022 09:56:23429 Too Many Requests
Too Many Requests --- 11/04/2022 09:56:25[LIKED TWEET] -- # RT @ElectroWowNews: Last month, Taylor Sanders released her Country-Pop single 🧨💥“Firecracker,” whose lyrics put female empowerment at the… -- 11/04/2022 09:56:27[FOLLOW DECISION] -- #[20] -- must match [15][NO FOLLOW] -- did not follow author/id: MusicCityMemo/1043509248997646338 -- 11/04/2022 09:56:27[CURRENT RUN] -- of 100 tweets -- 5429 Too Many Requests
Too Many Requests --- 11/04/2022 09:56:58429 Too Many Requests
Too Many Requests --- 11/04/2022 09:57:00429 Too Many Requests
Too Many Requests --- 11/04/2022 09:57:02429 Too Many Requests
Too Many Requests --- 11/04/2022 09:57:04429 Too Many Requests
Too Many Requests --- 11/04/2022 09:57:06429 Too Many Requests
Too Many Requests --- 11/04/2022 09:57:08429 Too Many Requests
Too Many Requests --- 11/04/2022 09:57:10429 Too Many Requests
Too Many Requests --- 11/04/2022 09:57:12[LIKED TWEET] -- # RT @eMolecule_music: eMolecule - Coming Soon...

#emolecule  #simoncollins  #kellynordstrom  #progressiverock  #insideoutmusic  #newmusic
@… -- 11/04/2022 09:57:14[FOLLOW DECISION] -- #[15] -- must match [15]15 = 15... True[FOLLOWED AUTHOR] -- author id: colmanjones -- 11/04/2022 09:57:15[CURRENT RUN] -- of 100 tweets -- 5[LIKED TWEET] -- # RT @malcolmnunaa: Geshiegege out now , Let'em know 🤍🙏. Love from Tititi🤞🏻🤍 #NewMusic https://t.co/rYDv63WpkJ -- 11/04/2022 09:57:45[FOLLOW DECISION] -- #[8] -- must match [15][NO FOLLOW] -- did not follow author/id: _jaysaidit/760108182496739328 -- 11/04/2022 09:57:45[CURRENT RUN] -- of 100 tweets -- 5429 Too Many Requests
Too Many Requests --- 11/04/2022 09:58:15429 Too Many Requests
Too Many Requests --- 11/04/2022 09:58:17429 Too Many Requests
Too Many Requests --- 11/04/2022 09:58:19429 Too Many Requests
Too Many Requests --- 11/04/2022 09:58:21[INITIATE TWEET RETRIEVAL] -- of 100 tweets -- 11/04/2022 09:58:23[FOLLOW BACK] -- already following WolfornaUK[FOLLOW BACK] -- now following: DavidCallender -- 11/04/2022 09:58:24[FOLLOW BACK] -- already following rtItBot[FOLLOW BACK] -- now following: SpotifyRT -- 11/04/2022 09:58:25[FOLLOW BACK] -- now following: D38301104 -- 11/04/2022 09:58:25[FOLLOW BACK] -- now following: selltheheart -- 11/04/2022 09:58:25[FOLLOW BACK] -- now following: Fluu_Producer -- 11/04/2022 09:58:26[FOLLOW BACK] -- now following: marcusj_images -- 11/04/2022 09:58:26[FOLLOW BACK] -- now following: Lauriebassnlegs -- 11/04/2022 09:58:26[TWEET RETRIEVAL] -- # 6 -- 11/04/2022 09:58:26429 Too Many Requests
Too Many Requests --- 11/04/2022 09:58:27429 Too Many Requests
Too Many Requests --- 11/04/2022 09:58:29429 Too Many Requests
Too Many Requests --- 11/04/2022 09:58:31429 Too Many Requests
Too Many Requests --- 11/04/2022 09:58:33429 Too Many Requests
Too Many Requests --- 11/04/2022 09:58:35429 Too Many Requests
Too Many Requests --- 11/04/2022 09:58:37429 Too Many Requests
Too Many Requests --- 11/04/2022 09:58:40429 Too Many Requests
Too Many Requests --- 11/04/2022 09:58:42429 Too Many Requests
Too Many Requests --- 11/04/2022 09:58:44429 Too Many Requests
Too Many Requests --- 11/04/2022 09:58:46429 Too Many Requests
Too Many Requests --- 11/04/2022 09:58:48429 Too Many Requests
Too Many Requests --- 11/04/2022 09:58:50429 Too Many Requests
Too Many Requests --- 11/04/2022 09:58:52429 Too Many Requests
Too Many Requests --- 11/04/2022 09:58:54429 Too Many Requests
Too Many Requests --- 11/04/2022 09:58:56429 Too Many Requests
Too Many Requests --- 11/04/2022 09:58:59429 Too Many Requests
Too Many Requests --- 11/04/2022 09:59:01429 Too Many Requests
Too Many Requests --- 11/04/2022 09:59:03429 Too Many Requests
Too Many Requests --- 11/04/2022 09:59:05429 Too Many Requests
Too Many Requests --- 11/04/2022 09:59:07429 Too Many Requests
Too Many Requests --- 11/04/2022 09:59:09429 Too Many Requests
Too Many Requests --- 11/04/2022 09:59:11429 Too Many Requests
Too Many Requests --- 11/04/2022 09:59:13429 Too Many Requests
Too Many Requests --- 11/04/2022 09:59:15429 Too Many Requests
Too Many Requests --- 11/04/2022 09:59:17429 Too Many Requests
Too Many Requests --- 11/04/2022 09:59:19429 Too Many Requests
Too Many Requests --- 11/04/2022 09:59:21429 Too Many Requests
Too Many Requests --- 11/04/2022 09:59:23429 Too Many Requests
Too Many Requests --- 11/04/2022 09:59:25429 Too Many Requests
Too Many Requests --- 11/04/2022 09:59:27429 Too Many Requests
Too Many Requests --- 11/04/2022 09:59:29429 Too Many Requests
Too Many Requests --- 11/04/2022 09:59:31429 Too Many Requests
Too Many Requests --- 11/04/2022 09:59:34429 Too Many Requests
Too Many Requests --- 11/04/2022 09:59:36429 Too Many Requests
Too Many Requests --- 11/04/2022 09:59:38429 Too Many Requests
Too Many Requests --- 11/04/2022 09:59:40429 Too Many Requests
Too Many Requests --- 11/04/2022 09:59:42429 Too Many Requests
Too Many Requests --- 11/04/2022 09:59:44429 Too Many Requests
Too Many Requests --- 11/04/2022 09:59:46429 Too Many Requests
Too Many Requests --- 11/04/2022 09:59:48429 Too Many Requests
Too Many Requests --- 11/04/2022 09:59:50429 Too Many Requests
Too Many Requests --- 11/04/2022 09:59:52429 Too Many Requests
Too Many Requests --- 11/04/2022 09:59:54429 Too Many Requests
Too Many Requests --- 11/04/2022 09:59:56429 Too Many Requests
Too Many Requests --- 11/04/2022 09:59:58429 Too Many Requests
Too Many Requests --- 11/04/2022 10:00:00429 Too Many Requests
Too Many Requests --- 11/04/2022 10:00:02429 Too Many Requests
Too Many Requests --- 11/04/2022 10:00:04429 Too Many Requests
Too Many Requests --- 11/04/2022 10:00:06429 Too Many Requests
Too Many Requests --- 11/04/2022 10:00:09429 Too Many Requests
Too Many Requests --- 11/04/2022 10:00:11429 Too Many Requests
Too Many Requests --- 11/04/2022 10:00:13429 Too Many Requests
Too Many Requests --- 11/04/2022 10:00:15429 Too Many Requests
Too Many Requests --- 11/04/2022 10:00:17429 Too Many Requests
Too Many Requests --- 11/04/2022 10:00:19429 Too Many Requests
Too Many Requests --- 11/04/2022 10:00:21429 Too Many Requests
Too Many Requests --- 11/04/2022 10:00:23429 Too Many Requests
Too Many Requests --- 11/04/2022 10:00:25429 Too Many Requests
Too Many Requests --- 11/04/2022 10:00:27429 Too Many Requests
Too Many Requests --- 11/04/2022 10:00:29429 Too Many Requests
Too Many Requests --- 11/04/2022 10:00:31429 Too Many Requests
Too Many Requests --- 11/04/2022 10:00:33429 Too Many Requests
Too Many Requests --- 11/04/2022 10:00:35429 Too Many Requests
Too Many Requests --- 11/04/2022 10:00:37429 Too Many Requests
Too Many Requests --- 11/04/2022 10:00:39429 Too Many Requests
Too Many Requests --- 11/04/2022 10:00:41429 Too Many Requests
Too Many Requests --- 11/04/2022 10:00:44429 Too Many Requests
Too Many Requests --- 11/04/2022 10:00:46429 Too Many Requests
Too Many Requests --- 11/04/2022 10:00:48429 Too Many Requests
Too Many Requests --- 11/04/2022 10:00:50429 Too Many Requests
Too Many Requests --- 11/04/2022 10:00:52429 Too Many Requests
Too Many Requests --- 11/04/2022 10:00:54429 Too Many Requests
Too Many Requests --- 11/04/2022 10:00:56429 Too Many Requests
Too Many Requests --- 11/04/2022 10:00:58429 Too Many Requests
Too Many Requests --- 11/04/2022 10:01:00429 Too Many Requests
Too Many Requests --- 11/04/2022 10:01:02429 Too Many Requests
Too Many Requests --- 11/04/2022 10:01:04429 Too Many Requests
Too Many Requests --- 11/04/2022 10:01:06429 Too Many Requests
Too Many Requests --- 11/04/2022 10:01:08429 Too Many Requests
Too Many Requests --- 11/04/2022 10:01:10429 Too Many Requests
Too Many Requests --- 11/04/2022 10:01:12429 Too Many Requests
Too Many Requests --- 11/04/2022 10:01:14429 Too Many Requests
Too Many Requests --- 11/04/2022 10:01:16429 Too Many Requests
Too Many Requests --- 11/04/2022 10:01:18429 Too Many Requests
Too Many Requests --- 11/04/2022 10:01:21429 Too Many Requests
Too Many Requests --- 11/04/2022 10:01:23429 Too Many Requests
Too Many Requests --- 11/04/2022 10:01:25429 Too Many Requests
Too Many Requests --- 11/04/2022 10:01:27429 Too Many Requests
Too Many Requests --- 11/04/2022 10:01:29429 Too Many Requests
Too Many Requests --- 11/04/2022 10:01:31429 Too Many Requests
Too Many Requests --- 11/04/2022 10:01:33429 Too Many Requests
Too Many Requests --- 11/04/2022 10:01:35429 Too Many Requests
Too Many Requests --- 11/04/2022 10:01:37429 Too Many Requests
Too Many Requests --- 11/04/2022 10:01:39429 Too Many Requests
Too Many Requests --- 11/04/2022 10:01:41429 Too Many Requests
Too Many Requests --- 11/04/2022 10:01:43429 Too Many Requests
Too Many Requests --- 11/04/2022 10:01:45429 Too Many Requests
Too Many Requests --- 11/04/2022 10:01:47429 Too Many Requests
Too Many Requests --- 11/04/2022 10:01:49429 Too Many Requests
Too Many Requests --- 11/04/2022 10:01:51[INITIATE TWEET RETRIEVAL] -- of 100 tweets -- 11/04/2022 10:01:53[FOLLOW BACK] -- already following WolfornaUK[FOLLOW BACK] -- now following: DavidCallender -- 11/04/2022 10:01:54[FOLLOW BACK] -- already following rtItBot[FOLLOW BACK] -- now following: SpotifyRT -- 11/04/2022 10:01:55[FOLLOW BACK] -- now following: D38301104 -- 11/04/2022 10:01:55[FOLLOW BACK] -- now following: selltheheart -- 11/04/2022 10:01:55[FOLLOW BACK] -- now following: Fluu_Producer -- 11/04/2022 10:01:56[FOLLOW BACK] -- now following: marcusj_images -- 11/04/2022 10:01:56[FOLLOW BACK] -- now following: Lauriebassnlegs -- 11/04/2022 10:01:56[TWEET RETRIEVAL] -- # 7 -- 11/04/2022 10:01:56429 Too Many Requests
Too Many Requests --- 11/04/2022 10:01:57429 Too Many Requests
Too Many Requests --- 11/04/2022 10:01:59429 Too Many Requests
Too Many Requests --- 11/04/2022 10:02:01429 Too Many Requests
Too Many Requests --- 11/04/2022 10:02:03429 Too Many Requests
Too Many Requests --- 11/04/2022 10:02:05429 Too Many Requests
Too Many Requests --- 11/04/2022 10:02:07429 Too Many Requests
Too Many Requests --- 11/04/2022 10:02:09429 Too Many Requests
Too Many Requests --- 11/04/2022 10:02:11429 Too Many Requests
Too Many Requests --- 11/04/2022 10:02:13429 Too Many Requests
Too Many Requests --- 11/04/2022 10:02:15429 Too Many Requests
Too Many Requests --- 11/04/2022 10:02:17429 Too Many Requests
Too Many Requests --- 11/04/2022 10:02:20429 Too Many Requests
Too Many Requests --- 11/04/2022 10:02:22429 Too Many Requests
Too Many Requests --- 11/04/2022 10:02:24429 Too Many Requests
Too Many Requests --- 11/04/2022 10:02:26429 Too Many Requests
Too Many Requests --- 11/04/2022 10:02:28429 Too Many Requests
Too Many Requests --- 11/04/2022 10:02:30429 Too Many Requests
Too Many Requests --- 11/04/2022 10:02:32429 Too Many Requests
Too Many Requests --- 11/04/2022 10:02:34429 Too Many Requests
Too Many Requests --- 11/04/2022 10:02:36429 Too Many Requests
Too Many Requests --- 11/04/2022 10:02:38429 Too Many Requests
Too Many Requests --- 11/04/2022 10:02:40429 Too Many Requests
Too Many Requests --- 11/04/2022 10:02:42429 Too Many Requests
Too Many Requests --- 11/04/2022 10:02:44429 Too Many Requests
Too Many Requests --- 11/04/2022 10:02:46429 Too Many Requests
Too Many Requests --- 11/04/2022 10:02:48429 Too Many Requests
Too Many Requests --- 11/04/2022 10:02:50429 Too Many Requests
Too Many Requests --- 11/04/2022 10:02:52429 Too Many Requests
Too Many Requests --- 11/04/2022 10:02:55429 Too Many Requests
Too Many Requests --- 11/04/2022 10:02:57429 Too Many Requests
Too Many Requests --- 11/04/2022 10:02:59429 Too Many Requests
Too Many Requests --- 11/04/2022 10:03:01429 Too Many Requests
Too Many Requests --- 11/04/2022 10:03:03429 Too Many Requests
Too Many Requests --- 11/04/2022 10:03:05429 Too Many Requests
Too Many Requests --- 11/04/2022 10:03:07429 Too Many Requests
Too Many Requests --- 11/04/2022 10:03:09429 Too Many Requests
Too Many Requests --- 11/04/2022 10:03:11429 Too Many Requests
Too Many Requests --- 11/04/2022 10:03:13429 Too Many Requests
Too Many Requests --- 11/04/2022 10:03:15429 Too Many Requests
Too Many Requests --- 11/04/2022 10:03:17429 Too Many Requests
Too Many Requests --- 11/04/2022 10:03:19429 Too Many Requests
Too Many Requests --- 11/04/2022 10:03:21429 Too Many Requests
Too Many Requests --- 11/04/2022 10:03:23429 Too Many Requests
Too Many Requests --- 11/04/2022 10:03:25429 Too Many Requests
Too Many Requests --- 11/04/2022 10:03:28429 Too Many Requests
Too Many Requests --- 11/04/2022 10:03:30429 Too Many Requests
Too Many Requests --- 11/04/2022 10:03:32429 Too Many Requests
Too Many Requests --- 11/04/2022 10:03:34429 Too Many Requests
Too Many Requests --- 11/04/2022 10:03:36429 Too Many Requests
Too Many Requests --- 11/04/2022 10:03:38429 Too Many Requests
Too Many Requests --- 11/04/2022 10:03:40429 Too Many Requests
Too Many Requests --- 11/04/2022 10:03:42429 Too Many Requests
Too Many Requests --- 11/04/2022 10:03:44429 Too Many Requests
Too Many Requests --- 11/04/2022 10:03:46429 Too Many Requests
Too Many Requests --- 11/04/2022 10:03:48429 Too Many Requests
Too Many Requests --- 11/04/2022 10:03:50429 Too Many Requests
Too Many Requests --- 11/04/2022 10:03:52429 Too Many Requests
Too Many Requests --- 11/04/2022 10:03:54429 Too Many Requests
Too Many Requests --- 11/04/2022 10:03:56429 Too Many Requests
Too Many Requests --- 11/04/2022 10:03:58429 Too Many Requests
Too Many Requests --- 11/04/2022 10:04:00429 Too Many Requests
Too Many Requests --- 11/04/2022 10:04:03429 Too Many Requests
Too Many Requests --- 11/04/2022 10:04:05429 Too Many Requests
Too Many Requests --- 11/04/2022 10:04:07429 Too Many Requests
Too Many Requests --- 11/04/2022 10:04:09429 Too Many Requests
Too Many Requests --- 11/04/2022 10:04:11429 Too Many Requests
Too Many Requests --- 11/04/2022 10:04:13429 Too Many Requests
Too Many Requests --- 11/04/2022 10:04:15429 Too Many Requests
Too Many Requests --- 11/04/2022 10:04:17429 Too Many Requests
Too Many Requests --- 11/04/2022 10:04:19429 Too Many Requests
Too Many Requests --- 11/04/2022 10:04:21429 Too Many Requests
Too Many Requests --- 11/04/2022 10:04:23429 Too Many Requests
Too Many Requests --- 11/04/2022 10:04:25429 Too Many Requests
Too Many Requests --- 11/04/2022 10:04:27429 Too Many Requests
Too Many Requests --- 11/04/2022 10:04:29429 Too Many Requests
Too Many Requests --- 11/04/2022 10:04:31429 Too Many Requests
Too Many Requests --- 11/04/2022 10:04:33429 Too Many Requests
Too Many Requests --- 11/04/2022 10:04:35429 Too Many Requests
Too Many Requests --- 11/04/2022 10:04:38429 Too Many Requests
Too Many Requests --- 11/04/2022 10:04:40429 Too Many Requests
Too Many Requests --- 11/04/2022 10:04:42429 Too Many Requests
Too Many Requests --- 11/04/2022 10:04:44429 Too Many Requests
Too Many Requests --- 11/04/2022 10:04:46429 Too Many Requests
Too Many Requests --- 11/04/2022 10:04:48429 Too Many Requests
Too Many Requests --- 11/04/2022 10:04:50429 Too Many Requests
Too Many Requests --- 11/04/2022 10:04:52429 Too Many Requests
Too Many Requests --- 11/04/2022 10:04:54429 Too Many Requests
Too Many Requests --- 11/04/2022 10:04:56429 Too Many Requests
Too Many Requests --- 11/04/2022 10:04:58429 Too Many Requests
Too Many Requests --- 11/04/2022 10:05:00429 Too Many Requests
Too Many Requests --- 11/04/2022 10:05:02429 Too Many Requests
Too Many Requests --- 11/04/2022 10:05:04429 Too Many Requests
Too Many Requests --- 11/04/2022 10:05:06429 Too Many Requests
Too Many Requests --- 11/04/2022 10:05:08429 Too Many Requests
Too Many Requests --- 11/04/2022 10:05:10429 Too Many Requests
Too Many Requests --- 11/04/2022 10:05:13429 Too Many Requests
Too Many Requests --- 11/04/2022 10:05:15429 Too Many Requests
Too Many Requests --- 11/04/2022 10:05:17429 Too Many Requests
Too Many Requests --- 11/04/2022 10:05:19429 Too Many Requests
Too Many Requests --- 11/04/2022 10:05:21[INITIATE TWEET RETRIEVAL] -- of 100 tweets -- 11/04/2022 10:05:23[FOLLOW BACK] -- already following WolfornaUK[FOLLOW BACK] -- now following: DavidCallender -- 11/04/2022 10:05:23[FOLLOW BACK] -- already following rtItBot[FOLLOW BACK] -- now following: SpotifyRT -- 11/04/2022 10:05:24[FOLLOW BACK] -- now following: D38301104 -- 11/04/2022 10:05:24[FOLLOW BACK] -- now following: selltheheart -- 11/04/2022 10:05:25[FOLLOW BACK] -- now following: Fluu_Producer -- 11/04/2022 10:05:25[FOLLOW BACK] -- now following: marcusj_images -- 11/04/2022 10:05:25[FOLLOW BACK] -- now following: Lauriebassnlegs -- 11/04/2022 10:05:26[TWEET RETRIEVAL] -- # 8 -- 11/04/2022 10:05:26429 Too Many Requests
Too Many Requests --- 11/04/2022 10:05:26429 Too Many Requests
Too Many Requests --- 11/04/2022 10:05:28429 Too Many Requests
Too Many Requests --- 11/04/2022 10:05:30429 Too Many Requests
Too Many Requests --- 11/04/2022 10:05:32429 Too Many Requests
Too Many Requests --- 11/04/2022 10:05:35429 Too Many Requests
Too Many Requests --- 11/04/2022 10:05:37429 Too Many Requests
Too Many Requests --- 11/04/2022 10:05:39429 Too Many Requests
Too Many Requests --- 11/04/2022 10:05:41429 Too Many Requests
Too Many Requests --- 11/04/2022 10:05:43429 Too Many Requests
Too Many Requests --- 11/04/2022 10:05:45429 Too Many Requests
Too Many Requests --- 11/04/2022 10:05:47429 Too Many Requests
Too Many Requests --- 11/04/2022 10:05:49429 Too Many Requests
Too Many Requests --- 11/04/2022 10:05:51429 Too Many Requests
Too Many Requests --- 11/04/2022 10:05:53429 Too Many Requests
Too Many Requests --- 11/04/2022 10:05:55429 Too Many Requests
Too Many Requests --- 11/04/2022 10:05:57429 Too Many Requests
Too Many Requests --- 11/04/2022 10:05:59429 Too Many Requests
Too Many Requests --- 11/04/2022 10:06:01429 Too Many Requests
Too Many Requests --- 11/04/2022 10:06:03429 Too Many Requests
Too Many Requests --- 11/04/2022 10:06:05429 Too Many Requests
Too Many Requests --- 11/04/2022 10:06:07429 Too Many Requests
Too Many Requests --- 11/04/2022 10:06:10429 Too Many Requests
Too Many Requests --- 11/04/2022 10:06:12429 Too Many Requests
Too Many Requests --- 11/04/2022 10:06:14429 Too Many Requests
Too Many Requests --- 11/04/2022 10:06:16429 Too Many Requests
Too Many Requests --- 11/04/2022 10:06:18429 Too Many Requests
Too Many Requests --- 11/04/2022 10:06:20429 Too Many Requests
Too Many Requests --- 11/04/2022 10:06:22429 Too Many Requests
Too Many Requests --- 11/04/2022 10:06:24429 Too Many Requests
Too Many Requests --- 11/04/2022 10:06:26429 Too Many Requests
Too Many Requests --- 11/04/2022 10:06:28429 Too Many Requests
Too Many Requests --- 11/04/2022 10:06:30429 Too Many Requests
Too Many Requests --- 11/04/2022 10:06:32429 Too Many Requests
Too Many Requests --- 11/04/2022 10:06:34429 Too Many Requests
Too Many Requests --- 11/04/2022 10:06:36429 Too Many Requests
Too Many Requests --- 11/04/2022 10:06:38429 Too Many Requests
Too Many Requests --- 11/04/2022 10:06:41429 Too Many Requests
Too Many Requests --- 11/04/2022 10:06:43429 Too Many Requests
Too Many Requests --- 11/04/2022 10:06:45429 Too Many Requests
Too Many Requests --- 11/04/2022 10:06:47429 Too Many Requests
Too Many Requests --- 11/04/2022 10:06:49429 Too Many Requests
Too Many Requests --- 11/04/2022 10:06:51429 Too Many Requests
Too Many Requests --- 11/04/2022 10:06:53429 Too Many Requests
Too Many Requests --- 11/04/2022 10:06:55429 Too Many Requests
Too Many Requests --- 11/04/2022 10:06:57429 Too Many Requests
Too Many Requests --- 11/04/2022 10:06:59429 Too Many Requests
Too Many Requests --- 11/04/2022 10:07:01429 Too Many Requests
Too Many Requests --- 11/04/2022 10:07:03429 Too Many Requests
Too Many Requests --- 11/04/2022 10:07:05429 Too Many Requests
Too Many Requests --- 11/04/2022 10:07:07429 Too Many Requests
Too Many Requests --- 11/04/2022 10:07:09429 Too Many Requests
Too Many Requests --- 11/04/2022 10:07:11429 Too Many Requests
Too Many Requests --- 11/04/2022 10:07:13429 Too Many Requests
Too Many Requests --- 11/04/2022 10:07:16429 Too Many Requests
Too Many Requests --- 11/04/2022 10:07:18429 Too Many Requests
Too Many Requests --- 11/04/2022 10:07:20429 Too Many Requests
Too Many Requests --- 11/04/2022 10:07:22429 Too Many Requests
Too Many Requests --- 11/04/2022 10:07:24429 Too Many Requests
Too Many Requests --- 11/04/2022 10:07:26429 Too Many Requests
Too Many Requests --- 11/04/2022 10:07:28429 Too Many Requests
Too Many Requests --- 11/04/2022 10:07:30429 Too Many Requests
Too Many Requests --- 11/04/2022 10:07:32429 Too Many Requests
Too Many Requests --- 11/04/2022 10:07:34429 Too Many Requests
Too Many Requests --- 11/04/2022 10:07:36429 Too Many Requests
Too Many Requests --- 11/04/2022 10:07:38429 Too Many Requests
Too Many Requests --- 11/04/2022 10:07:40429 Too Many Requests
Too Many Requests --- 11/04/2022 10:07:42429 Too Many Requests
Too Many Requests --- 11/04/2022 10:07:44429 Too Many Requests
Too Many Requests --- 11/04/2022 10:07:46429 Too Many Requests
Too Many Requests --- 11/04/2022 10:07:49429 Too Many Requests
Too Many Requests --- 11/04/2022 10:07:51429 Too Many Requests
Too Many Requests --- 11/04/2022 10:07:53429 Too Many Requests
Too Many Requests --- 11/04/2022 10:07:55429 Too Many Requests
Too Many Requests --- 11/04/2022 10:07:57429 Too Many Requests
Too Many Requests --- 11/04/2022 10:07:59429 Too Many Requests
Too Many Requests --- 11/04/2022 10:08:01429 Too Many Requests
Too Many Requests --- 11/04/2022 10:08:03429 Too Many Requests
Too Many Requests --- 11/04/2022 10:08:05429 Too Many Requests
Too Many Requests --- 11/04/2022 10:08:07429 Too Many Requests
Too Many Requests --- 11/04/2022 10:08:09429 Too Many Requests
Too Many Requests --- 11/04/2022 10:08:11429 Too Many Requests
Too Many Requests --- 11/04/2022 10:08:13429 Too Many Requests
Too Many Requests --- 11/04/2022 10:08:15429 Too Many Requests
Too Many Requests --- 11/04/2022 10:08:17429 Too Many Requests
Too Many Requests --- 11/04/2022 10:08:19429 Too Many Requests
Too Many Requests --- 11/04/2022 10:08:21429 Too Many Requests
Too Many Requests --- 11/04/2022 10:08:24429 Too Many Requests
Too Many Requests --- 11/04/2022 10:08:26429 Too Many Requests
Too Many Requests --- 11/04/2022 10:08:28429 Too Many Requests
Too Many Requests --- 11/04/2022 10:08:30429 Too Many Requests
Too Many Requests --- 11/04/2022 10:08:32429 Too Many Requests
Too Many Requests --- 11/04/2022 10:08:34429 Too Many Requests
Too Many Requests --- 11/04/2022 10:08:36429 Too Many Requests
Too Many Requests --- 11/04/2022 10:08:38429 Too Many Requests
Too Many Requests --- 11/04/2022 10:08:40429 Too Many Requests
Too Many Requests --- 11/04/2022 10:08:42429 Too Many Requests
Too Many Requests --- 11/04/2022 10:08:44429 Too Many Requests
Too Many Requests --- 11/04/2022 10:08:46429 Too Many Requests
Too Many Requests --- 11/04/2022 10:08:48429 Too Many Requests
Too Many Requests --- 11/04/2022 10:08:50[INITIATE TWEET RETRIEVAL] -- of 100 tweets -- 11/04/2022 10:08:52[FOLLOW BACK] -- already following WolfornaUK[FOLLOW BACK] -- now following: DavidCallender -- 11/04/2022 10:08:53[FOLLOW BACK] -- already following rtItBot[FOLLOW BACK] -- now following: SpotifyRT -- 11/04/2022 10:08:53[FOLLOW BACK] -- now following: D38301104 -- 11/04/2022 10:08:54[FOLLOW BACK] -- now following: selltheheart -- 11/04/2022 10:08:54[FOLLOW BACK] -- now following: Fluu_Producer -- 11/04/2022 10:08:54[FOLLOW BACK] -- now following: marcusj_images -- 11/04/2022 10:08:55[FOLLOW BACK] -- now following: Lauriebassnlegs -- 11/04/2022 10:08:55[TWEET RETRIEVAL] -- # 9 -- 11/04/2022 10:08:55429 Too Many Requests
Too Many Requests --- 11/04/2022 10:08:56429 Too Many Requests
Too Many Requests --- 11/04/2022 10:08:58[BEGIN LOG] -- Estefania's log -- 11/04/2022 11:05:17[FOLLOW BACK] -- already following WolfornaUK[FOLLOW BACK] -- now following: DavidCallender -- 11/04/2022 11:05:17[FOLLOW BACK] -- already following rtItBot[FOLLOW BACK] -- now following: SpotifyRT -- 11/04/2022 11:05:18[FOLLOW BACK] -- now following: D38301104 -- 11/04/2022 11:05:18[FOLLOW BACK] -- now following: selltheheart -- 11/04/2022 11:05:18[FOLLOW BACK] -- now following: Fluu_Producer -- 11/04/2022 11:05:19[FOLLOW BACK] -- now following: marcusj_images -- 11/04/2022 11:05:19[FOLLOW BACK] -- now following: Lauriebassnlegs -- 11/04/2022 11:05:19[TWEET RETRIEVAL] -- # 1 -- 11/04/2022 11:05:19429 Too Many Requests
Too Many Requests --- 11/04/2022 11:05:20429 Too Many Requests
Too Many Requests --- 11/04/2022 11:05:30[BEGIN LOG] -- Estefania's log -- 11/04/2022 12:19:15[FOLLOW BACK] -- already following WolfornaUK[FOLLOW BACK] -- now following: DavidCallender -- 11/04/2022 12:19:15[FOLLOW BACK] -- already following rtItBot[FOLLOW BACK] -- now following: SpotifyRT -- 11/04/2022 12:19:16[FOLLOW BACK] -- now following: D38301104 -- 11/04/2022 12:19:16[FOLLOW BACK] -- now following: selltheheart -- 11/04/2022 12:19:17[FOLLOW BACK] -- now following: Fluu_Producer -- 11/04/2022 12:19:17[FOLLOW BACK] -- now following: marcusj_images -- 11/04/2022 12:19:17[FOLLOW BACK] -- now following: Lauriebassnlegs -- 11/04/2022 12:19:18[TWEET RETRIEVAL] -- # 1 -- 11/04/2022 12:19:18429 Too Many Requests
Too Many Requests --- 11/04/2022 12:19:18429 Too Many Requests
Too Many Requests --- 11/04/2022 12:19:28